2018-05-25 20:21:03,336 - INFO - 4496 - Log Format is :
 asctime 			- levelname -  process id - message
2018-05-25 20:21:03,337 - INFO - 4496 - Python pandas, reading 3_pandas_input.xlsx file with System Admin's shift data
2018-05-25 20:21:03,386 - INFO - 4496 - Read input file successfully
2018-05-25 20:21:03,493 - INFO - 4496 - index is set to Month
2018-05-25 20:21:03,494 - INFO - 4496 - Replaced all NA/Nan/empty cells with zero:
2018-05-25 20:21:03,506 - INFO - 4496 - Below is the input values read from input file:
--------------------------------------------------------------------------------
            Shift A  Shift B  Shift C  Total Worked shifts  Shift A Pay  \
Month                                                                     
2017-01-16     10.0      3.0      7.0                  0.0          125   
2017-02-16     13.0      3.0      0.0                  0.0          125   
2017-03-16      3.0     20.0      0.0                  0.0          125   
2017-04-16      0.0     20.0      2.0                  0.0          125   
2017-05-16     10.0     11.0      0.0                  0.0          125   
2017-06-16      2.0     20.0      0.0                  0.0          125   
2017-07-16      0.0     21.0      0.0                  0.0          125   
2017-08-16      2.0     19.0      1.0                  0.0          125   
2017-09-16      2.0     16.0      1.0                  0.0          125   
2017-10-16     14.0      8.0      0.0                  0.0          125   
2017-11-16     13.0      7.0      0.0                  0.0          125   
2017-12-16      7.0     13.0      1.0                  0.0          125   
2018-01-01      5.0     14.0      0.0                  0.0          125   
2018-02-01      3.0     17.0      0.0                  0.0          125   
2018-03-01      6.0      6.0      8.0                  0.0          125   
2018-04-01      0.0     11.0      8.0                  0.0          125   
2018-05-01      4.0     15.0      4.0                  0.0          125   
2018-06-01      0.0      0.0      0.0                  0.0          125   
2018-07-01      0.0      0.0      0.0                  0.0          125   
2018-08-01      0.0      0.0      0.0                  0.0          125   
2018-09-01      0.0      0.0      0.0                  0.0          125   
2018-10-01      0.0      0.0      0.0                  0.0          125   
2018-11-01      0.0      0.0      0.0                  0.0          125   
2018-12-01      0.0      0.0      0.0                  0.0          125   

            Shift B Pay  Shift C Pay  Total Amount  
Month                                               
2017-01-16          175          400           0.0  
2017-02-16          175          400           0.0  
2017-03-16          175          400           0.0  
2017-04-16          175          400           0.0  
2017-05-16          175          400           0.0  
2017-06-16          175          400           0.0  
2017-07-16          175          400           0.0  
2017-08-16          175          400           0.0  
2017-09-16          175          400           0.0  
2017-10-16          175          400           0.0  
2017-11-16          175          400           0.0  
2017-12-16          175          400           0.0  
2018-01-01          175          400           0.0  
2018-02-01          175          400           0.0  
2018-03-01          175          400           0.0  
2018-04-01          175          400           0.0  
2018-05-01          175          400           0.0  
2018-06-01          175          400           0.0  
2018-07-01          175          400           0.0  
2018-08-01          175          400           0.0  
2018-09-01          175          400           0.0  
2018-10-01          175          400           0.0  
2018-11-01          175          400           0.0  
2018-12-01          175          400           0.0  
--------------------------------------------------------------------------------
2018-05-25 20:21:03,506 - INFO - 4496 - Calculating shift allowances per System Admin now...!
2018-05-25 20:21:03,512 - INFO - 4496 - Preparing a data frame to write into output excel file
2018-05-25 20:21:04,120 - INFO - 4496 - Below data is written to out put excel file successfully:
--------------------------------------------------------------------------------
            Shift A  Shift A Pay  Shift B  Shift B Pay  Shift C  Shift C Pay  \
Month                                                                          
2017-01-16     10.0       1250.0      3.0        525.0      7.0       2800.0   
2017-02-16     13.0       1625.0      3.0        525.0      0.0          0.0   
2017-03-16      3.0        375.0     20.0       3500.0      0.0          0.0   
2017-04-16      0.0          0.0     20.0       3500.0      2.0        800.0   
2017-05-16     10.0       1250.0     11.0       1925.0      0.0          0.0   
2017-06-16      2.0        250.0     20.0       3500.0      0.0          0.0   
2017-07-16      0.0          0.0     21.0       3675.0      0.0          0.0   
2017-08-16      2.0        250.0     19.0       3325.0      1.0        400.0   
2017-09-16      2.0        250.0     16.0       2800.0      1.0        400.0   
2017-10-16     14.0       1750.0      8.0       1400.0      0.0          0.0   
2017-11-16     13.0       1625.0      7.0       1225.0      0.0          0.0   
2017-12-16      7.0        875.0     13.0       2275.0      1.0        400.0   
2018-01-01      5.0        625.0     14.0       2450.0      0.0          0.0   
2018-02-01      3.0        375.0     17.0       2975.0      0.0          0.0   
2018-03-01      6.0        750.0      6.0       1050.0      8.0       3200.0   
2018-04-01      0.0          0.0     11.0       1925.0      8.0       3200.0   
2018-05-01      4.0        500.0     15.0       2625.0      4.0       1600.0   
2018-06-01      0.0          0.0      0.0          0.0      0.0          0.0   
2018-07-01      0.0          0.0      0.0          0.0      0.0          0.0   
2018-08-01      0.0          0.0      0.0          0.0      0.0          0.0   
2018-09-01      0.0          0.0      0.0          0.0      0.0          0.0   
2018-10-01      0.0          0.0      0.0          0.0      0.0          0.0   
2018-11-01      0.0          0.0      0.0          0.0      0.0          0.0   
2018-12-01      0.0          0.0      0.0          0.0      0.0          0.0   

            Total Amount  Total Worked Shifts  
Month                                          
2017-01-16        4575.0                 20.0  
2017-02-16        2150.0                 16.0  
2017-03-16        3875.0                 23.0  
2017-04-16        4300.0                 22.0  
2017-05-16        3175.0                 21.0  
2017-06-16        3750.0                 22.0  
2017-07-16        3675.0                 21.0  
2017-08-16        3975.0                 22.0  
2017-09-16        3450.0                 19.0  
2017-10-16        3150.0                 22.0  
2017-11-16        2850.0                 20.0  
2017-12-16        3550.0                 21.0  
2018-01-01        3075.0                 19.0  
2018-02-01        3350.0                 20.0  
2018-03-01        5000.0                 20.0  
2018-04-01        5125.0                 19.0  
2018-05-01        4725.0                 23.0  
2018-06-01           0.0                  0.0  
2018-07-01           0.0                  0.0  
2018-08-01           0.0                  0.0  
2018-09-01           0.0                  0.0  
2018-10-01           0.0                  0.0  
2018-11-01           0.0                  0.0  
2018-12-01           0.0                  0.0  
--------------------------------------------------------------------------------
